# JRE version: OpenJDK Runtime Environment (22.0.2+9) (build 22.0.2+9-70)
# Java VM: OpenJDK 64-Bit Server VM (22.0.2+9-70, mixed mode, sharing, tiered, compressed oops, compressed class ptrs, g1 gc, linux-amd64)
GC Precious Log:
 CardTable entry size: 512
 Card Set container configuration: InlinePtr #cards 4 size 8 Array Of Cards #cards 16 size 48 Howl #buckets 8 coarsen threshold 3686 Howl Bitmap #cards 512 size 80 coarsen threshold 460 Card regions per heap region 1 cards per card region 4096
 CPUs: 8 total, 8 available
 Memory: 15901M
 Large Page Support: Disabled
 NUMA Support: Disabled
 Compressed Oops: Enabled (Zero based)
 Heap Region Size: 2M
 Heap Min Capacity: 8M
 Heap Initial Capacity: 250M
 Heap Max Capacity: 3976M
 Pre-touch: Disabled
 Parallel Workers: 8
 Concurrent Workers: 2
 Concurrent Refinement Workers: 8
 Periodic GC: Disabled
Heap:
 garbage-first heap   total reserved 4071424K, committed 65536K, used 22303K [0x0000000707800000, 0x0000000800000000)
  region size 2048K, 3 young (6144K), 2 survivors (4096K)
 Metaspace       used 35031K, committed 35456K, reserved 1114112K
  class space    used 4599K, committed 4800K, reserved 1048576K
GC Heap History (8 events):
Event: 0.618 GC heap before
{Heap before GC invocations=0 (full 0):
 garbage-first heap   total reserved 4071424K, committed 258048K, used 23585K [0x0000000707800000, 0x0000000800000000)
  region size 2048K, 12 young (24576K), 0 survivors (0K)
 Metaspace       used 5551K, committed 5760K, reserved 1114112K
  class space    used 661K, committed 768K, reserved 1048576K
}
Event: 0.621 GC heap after
{Heap after GC invocations=1 (full 0):
 garbage-first heap   total reserved 4071424K, committed 258048K, used 3361K [0x0000000707800000, 0x0000000800000000)
  region size 2048K, 2 young (4096K), 2 survivors (4096K)
 Metaspace       used 5551K, committed 5760K, reserved 1114112K
  class space    used 661K, committed 768K, reserved 1048576K
}
Event: 1.479 GC heap before
{Heap before GC invocations=1 (full 0):
 garbage-first heap   total reserved 4071424K, committed 258048K, used 42273K [0x0000000707800000, 0x0000000800000000)
  region size 2048K, 23 young (47104K), 2 survivors (4096K)
 Metaspace       used 21171K, committed 21504K, reserved 1114112K
  class space    used 2591K, committed 2752K, reserved 1048576K
}
Event: 1.486 GC heap after
{Heap after GC invocations=2 (full 0):
 garbage-first heap   total reserved 4071424K, committed 258048K, used 11378K [0x0000000707800000, 0x0000000800000000)
  region size 2048K, 5 young (10240K), 5 survivors (10240K)
 Metaspace       used 21171K, committed 21504K, reserved 1114112K
  class space    used 2591K, committed 2752K, reserved 1048576K
}
Event: 2.046 GC heap before
{Heap before GC invocations=3 (full 0):
 garbage-first heap   total reserved 4071424K, committed 49152K, used 46194K [0x0000000707800000, 0x0000000800000000)
  region size 2048K, 22 young (45056K), 5 survivors (10240K)
 Metaspace       used 31585K, committed 32000K, reserved 1114112K
  class space    used 4145K, committed 4352K, reserved 1048576K
}
Event: 2.055 GC heap after
{Heap after GC invocations=4 (full 0):
 garbage-first heap   total reserved 4071424K, committed 65536K, used 16547K [0x0000000707800000, 0x0000000800000000)
  region size 2048K, 3 young (6144K), 3 survivors (6144K)
 Metaspace       used 31585K, committed 32000K, reserved 1114112K
  class space    used 4145K, committed 4352K, reserved 1048576K
}
Event: 6.117 GC heap before
{Heap before GC invocations=4 (full 0):
 garbage-first heap   total reserved 4071424K, committed 65536K, used 47267K [0x0000000707800000, 0x0000000800000000)
  region size 2048K, 17 young (34816K), 3 survivors (6144K)
 Metaspace       used 34937K, committed 35392K, reserved 1114112K
  class space    used 4592K, committed 4800K, reserved 1048576K
}
Event: 6.123 GC heap after
{Heap after GC invocations=5 (full 0):
 garbage-first heap   total reserved 4071424K, committed 65536K, used 22303K [0x0000000707800000, 0x0000000800000000)
  region size 2048K, 2 young (4096K), 2 survivors (4096K)
 Metaspace       used 34937K, committed 35392K, reserved 1114112K
  class space    used 4592K, committed 4800K, reserved 1048576K
}

